<?xml version="1.0" encoding="UTF-8"?>
<!-- Generated by org.testng.reporters.JUnitReportReporter -->
<testsuite hostname="DESKTOP-BJAQVCR" failures="0" tests="1" name="com.metrixhub.tests.DashboardTest" time="20.915" errors="0" timestamp="2025-10-06T15:05:20 IST" skipped="0">
  <testcase classname="com.metrixhub.tests.DashboardTest" name="dashboardtest" time="20.915"/>
</testsuite> <!-- com.metrixhub.tests.DashboardTest -->
