<?xml version="1.0" encoding="UTF-8"?>
<!-- Generated by org.testng.reporters.JUnitReportReporter -->
<testsuite hostname="DESKTOP-BJAQVCR" failures="0" tests="1" name="com.metrixhub.tests.LoginTest" time="5.179" errors="0" timestamp="2025-09-26T16:20:50 IST" skipped="0">
  <testcase classname="com.metrixhub.tests.LoginTest" name="loginTest" time="5.179"/>
</testsuite> <!-- com.metrixhub.tests.LoginTest -->
