<?xml version="1.0" encoding="UTF-8"?>
<!-- Generated by org.testng.reporters.JUnitReportReporter -->
<testsuite hostname="DESKTOP-BJAQVCR" failures="0" tests="1" name="com.metrixhub.tests.AssetHierarchyTest" time="4.987" errors="0" timestamp="2025-10-06T16:38:04 IST" skipped="0">
  <testcase classname="com.metrixhub.tests.AssetHierarchyTest" name="assetTest" time="4.987"/>
</testsuite> <!-- com.metrixhub.tests.AssetHierarchyTest -->
