<?xml version="1.0" encoding="UTF-8"?>
<!-- Generated by org.testng.reporters.JUnitReportReporter -->
<testsuite hostname="DESKTOP-BJAQVCR" failures="0" tests="1" name="com.metrixhub.tests.LoginTest" time="5.328" errors="0" timestamp="2025-10-06T10:53:18 IST" skipped="0">
  <testcase classname="com.metrixhub.tests.LoginTest" name="loginTest" time="5.328"/>
</testsuite> <!-- com.metrixhub.tests.LoginTest -->
