<?xml version="1.0" encoding="UTF-8"?>
<!-- Generated by org.testng.reporters.JUnitReportReporter -->
<testsuite hostname="DESKTOP-BJAQVCR" failures="0" tests="1" name="com.metrixhub.tests.DashboardTest" time="17.773" errors="0" timestamp="2025-10-06T10:53:18 IST" skipped="0">
  <testcase classname="com.metrixhub.tests.DashboardTest" name="dashboardtest" time="17.773"/>
</testsuite> <!-- com.metrixhub.tests.DashboardTest -->
